  SGI_Wars.cpp
C:\Users\usuario\source\repos\Practicas_GL\SGI_Wars\SGI_Wars.cpp(310,20): warning C4018: '<': no coinciden signed/unsigned
C:\Users\usuario\source\repos\Practicas_GL\SGI_Wars\SGI_Wars.cpp(418,50): warning C4244: 'argumento': conversión de 'int' a 'float'; posible pérdida de datos
C:\Users\usuario\source\repos\Practicas_GL\SGI_Wars\SGI_Wars.cpp(418,23): warning C4244: 'argumento': conversión de 'int' a 'float'; posible pérdida de datos
C:\Users\usuario\source\repos\Practicas_GL\SGI_Wars\SGI_Wars.cpp(418,14): warning C4244: 'inicializando': conversión de 'float' a 'GLint'; posible pérdida de datos
C:\Users\usuario\source\repos\Practicas_GL\SGI_Wars\SGI_Wars.cpp(419,49): warning C4244: 'argumento': conversión de 'int' a 'float'; posible pérdida de datos
C:\Users\usuario\source\repos\Practicas_GL\SGI_Wars\SGI_Wars.cpp(419,22): warning C4244: 'argumento': conversión de 'int' a 'float'; posible pérdida de datos
C:\Users\usuario\source\repos\Practicas_GL\SGI_Wars\SGI_Wars.cpp(419,13): warning C4244: 'inicializando': conversión de 'float' a 'GLint'; posible pérdida de datos
C:\Users\usuario\source\repos\Practicas_GL\SGI_Wars\SGI_Wars.cpp(1034,14): warning C4244: 'argumento': conversión de 'GLint' a 'GLfloat'; posible pérdida de datos
C:\Users\usuario\source\repos\Practicas_GL\SGI_Wars\SGI_Wars.cpp(1119,21): warning C4244: 'inicializando': conversión de 'double' a 'int'; posible pérdida de datos
C:\Users\usuario\source\repos\Practicas_GL\SGI_Wars\SGI_Wars.cpp(1119,16): warning C4244: 'inicializando': conversión de 'double' a 'const int'; posible pérdida de datos
C:\Users\usuario\source\repos\Practicas_GL\SGI_Wars\SGI_Wars.cpp(1120,38): warning C4244: 'inicializando': conversión de 'float' a 'int'; posible pérdida de datos
C:\Users\usuario\source\repos\Practicas_GL\SGI_Wars\SGI_Wars.cpp(1123,90): warning C4244: 'argumento': conversión de 'float' a 'int'; posible pérdida de datos
C:\Users\usuario\source\repos\Practicas_GL\SGI_Wars\SGI_Wars.cpp(1206,54): warning C4244: 'argumento': conversión de 'int' a 'float'; posible pérdida de datos
C:\Users\usuario\source\repos\Practicas_GL\SGI_Wars\SGI_Wars.cpp(1206,51): warning C4244: 'argumento': conversión de 'int' a 'float'; posible pérdida de datos
C:\Users\usuario\source\repos\Practicas_GL\SGI_Wars\SGI_Wars.cpp(1206,48): warning C4244: 'argumento': conversión de 'int' a 'float'; posible pérdida de datos
C:\Users\usuario\source\repos\Practicas_GL\SGI_Wars\SGI_Wars.cpp(1279,21): warning C4244: 'inicializando': conversión de 'double' a 'int'; posible pérdida de datos
C:\Users\usuario\source\repos\Practicas_GL\SGI_Wars\SGI_Wars.cpp(1279,16): warning C4244: 'inicializando': conversión de 'double' a 'const int'; posible pérdida de datos
C:\Users\usuario\source\repos\Practicas_GL\SGI_Wars\SGI_Wars.cpp(1280,63): warning C4244: 'inicializando': conversión de 'float' a 'int'; posible pérdida de datos
C:\Users\usuario\source\repos\Practicas_GL\SGI_Wars\SGI_Wars.cpp(1284,41): warning C4244: 'argumento': conversión de 'float' a 'int'; posible pérdida de datos
C:\Users\usuario\source\repos\Practicas_GL\SGI_Wars\SGI_Wars.cpp(1315,54): warning C4244: 'argumento': conversión de 'int' a 'float'; posible pérdida de datos
C:\Users\usuario\source\repos\Practicas_GL\SGI_Wars\SGI_Wars.cpp(1315,51): warning C4244: 'argumento': conversión de 'int' a 'float'; posible pérdida de datos
C:\Users\usuario\source\repos\Practicas_GL\SGI_Wars\SGI_Wars.cpp(1315,48): warning C4244: 'argumento': conversión de 'int' a 'float'; posible pérdida de datos
C:\Users\usuario\source\repos\Practicas_GL\SGI_Wars\SGI_Wars.cpp(1348,23): warning C4018: '<': no coinciden signed/unsigned
C:\Users\usuario\source\repos\Practicas_GL\SGI_Wars\SGI_Wars.cpp(1420,48): warning C4018: '<': no coinciden signed/unsigned
C:\Users\usuario\source\repos\Practicas_GL\SGI_Wars\SGI_Wars.cpp(1422,9): warning C4018: '>=': no coinciden signed/unsigned
C:\Users\usuario\source\repos\Practicas_GL\SGI_Wars\SGI_Wars.cpp(1462,20): warning C4018: '<': no coinciden signed/unsigned
C:\Users\usuario\source\repos\Practicas_GL\SGI_Wars\SGI_Wars.cpp(1644,20): warning C4018: '<': no coinciden signed/unsigned
C:\Users\usuario\source\repos\Practicas_GL\SGI_Wars\SGI_Wars.cpp(1721,43): warning C4244: 'argumento': conversión de 'float' a 'unsigned int'; posible pérdida de datos
C:\Users\usuario\source\repos\Practicas_GL\SGI_Wars\SGI_Wars.cpp(1721,33): warning C4244: 'argumento': conversión de 'float' a 'unsigned int'; posible pérdida de datos
C:\Users\usuario\source\repos\Practicas_GL\SGI_Wars\SGI_Wars.cpp(1722,25): warning C4244: 'argumento': conversión de 'float' a 'unsigned int'; posible pérdida de datos
C:\Users\usuario\source\repos\Practicas_GL\SGI_Wars\SGI_Wars.cpp(1722,16): warning C4244: 'argumento': conversión de 'float' a 'unsigned int'; posible pérdida de datos
C:\Users\usuario\source\repos\Practicas_GL\SGI_Wars\SGI_Wars.cpp(1724,20): warning C4244: 'argumento': conversión de 'float' a 'unsigned int'; posible pérdida de datos
C:\Users\usuario\source\repos\Practicas_GL\SGI_Wars\SGI_Wars.cpp(1724,11): warning C4244: 'argumento': conversión de 'float' a 'unsigned int'; posible pérdida de datos
C:\Users\usuario\source\repos\Practicas_GL\SGI_Wars\SGI_Wars.cpp(1739,17): warning C4244: 'argumento': conversión de 'float' a 'unsigned int'; posible pérdida de datos
C:\Users\usuario\source\repos\Practicas_GL\SGI_Wars\SGI_Wars.cpp(1740,17): warning C4244: 'argumento': conversión de 'float' a 'unsigned int'; posible pérdida de datos
C:\Users\usuario\source\repos\Practicas_GL\SGI_Wars\SGI_Wars.cpp(1819,34): warning C4244: 'argumento': conversión de 'float' a 'int'; posible pérdida de datos
C:\Users\usuario\source\repos\Practicas_GL\SGI_Wars\SGI_Wars.cpp(1819,24): warning C4244: 'argumento': conversión de 'float' a 'int'; posible pérdida de datos
C:\Users\usuario\source\repos\Practicas_GL\SGI_Wars\SGI_Wars.cpp(1870,10): warning C4244: '=': conversión de 'GLint' a 'float'; posible pérdida de datos
C:\Users\usuario\source\repos\Practicas_GL\SGI_Wars\SGI_Wars.cpp(1871,9): warning C4244: '=': conversión de 'GLint' a 'float'; posible pérdida de datos
C:\Users\usuario\source\repos\Practicas_GL\SGI_Wars\SGI_Wars.cpp(1874,34): warning C4244: 'argumento': conversión de 'float' a 'int'; posible pérdida de datos
C:\Users\usuario\source\repos\Practicas_GL\SGI_Wars\SGI_Wars.cpp(1874,24): warning C4244: 'argumento': conversión de 'float' a 'int'; posible pérdida de datos
C:\Users\usuario\source\repos\Practicas_GL\SGI_Wars\SGI_Wars.cpp(2058,28): warning C4244: 'argumento': conversión de 'float' a 'int'; posible pérdida de datos
C:\Users\usuario\source\repos\Practicas_GL\SGI_Wars\SGI_Wars.cpp(2058,21): warning C4244: 'argumento': conversión de 'float' a 'int'; posible pérdida de datos
  Generando código
  4 of 493 functions ( 0.8%) were compiled, the rest were copied from previous compilation.
    0 functions were new in current compilation
    2 functions had inline decision re-evaluated but remain unchanged
  Generación de código finalizada
  SGI_Wars.vcxproj -> C:\Users\usuario\source\repos\Practicas_GL\SGI_Wars\SGI_Wars.exe
